3 24 118 106
3 299 177 233
3 286 235 43
3 99 195 1
3 34 109 223
3 246 190 206
2 193 255
3 134 93 126
3 7 283 219
3 168 117 132
5 4 269 25 98 10
3 8 160 67
3 225 197 49
3 275 61 149
3 110 147 135
3 220 291 141
3 56 70 272
3 184 298 143
3 41 22 257
3 210 139 265
2 187 78
3 263 42 205
2 38 55
3 88 6 94
3 72 90 104
3 108 163 2
2 261 155
2 137 20
3 200 204 69
3 57 207 247
2 58 199
2 171 115
3 164 237 154
3 267 83 59
2 44 71
2 129 280
3 87 23 151
2 18 292
2 79 176
2 227 238
2 198 192
3 136 124 12
2 91 30
2 232 215
2 166 66
2 144 250
2 188 120
2 60 182
2 53 17
2 277 251
2 218 35
2 32 47
2 230 252
2 113 100
3 159 81 293
2 29 186
2 105 289
2 128 279
3 133 248 242
2 102 37
2 28 97
2 150 266
2 174 231
2 172 229
2 40 240
2 125 145
2 217 228
3 62 45 112
4 239 73 131 196
3 92 138 256
2 222 270
2 202 178
2 74 264
2 14 208
2 64 189
2 122 123
2 281 262
2 82 153
2 241 194
2 19 142
2 157 84
2 254 278
3 162 5 288
2 39 297
2 158 169
2 26 211
2 268 52
2 146 46
2 273 31
2 209 165
2 236 183
2 107 51
2 3 175
2 27 77
2 86 173
3 103 76 16
2 295 9
3 276 287 152
2 253 274
2 191 130
