27 2735 3546 6068 3557 1913 4123 6672 7691 9192 7296 8177 433 9480 2340 9506 2892 5738 7443 3087 4737 7241 4680 4551 7717 669 8726 8171
28 6689 1227 8715 9926 6818 8187 9033 4034 9132 7515 7724 1417 6120 6696 8108 5243 4188 3813 5257 5605 3563 8859 4672 8196 6217 8777 8070 3588
29 3090 3527 2957 3083 9657 6969 6618 425 1891 5155 67 2153 6785 6774 914 1171 1650 803 1957 4238 8837 1185 8100 8384 6715 1826 5865 5720 8022
27 1209 1407 6239 933 9872 7162 993 6081 1912 8339 6806 8105 8291 5097 7352 4762 9664 9076 3464 1575 7603 6373 6876 8249 2286 3110 1006
29 6466 7711 4184 1326 4481 1613 3099 4498 342 8562 2938 8109 1681 5582 9355 7461 3961 6528 6827 3401 8944 564 861 3899 7437 8369 4759 8078 4716
26 5018 9046 2975 718 9002 9209 2857 2270 7339 1791 5373 8872 4168 5512 7520 7914 4529 451 8771 9126 6233 6761 3492 8666 707 2755
29 9313 1512 6951 3375 2000 1239 4327 8869 5033 7573 130 8871 9056 9270 2325 8958 2242 5339 551 5945 7426 7336 1848 8866 4010 7681 5718 7968 3408
28 2519 3049 6155 7557 3502 9475 7642 5809 8239 8307 2633 6891 4878 8920 6030 3413 3283 2655 4239 6553 4864 8579 7044 4728 4162 4451 82 5504
28 549 9473 209 8419 2181 1686 3940 7769 2174 8691 1981 4012 6187 3299 5357 1486 1025 2524 7018 8408 7981 2168 9439 7412 4077 7784 2516 3289
23 4525 2296 4084 2112 5830 7445 8407 2766 3509 698 8031 2237 4004 6144 3764 291 5641 750 2836 9371 2337 6210 8700
28 5934 6404 8370 4064 9071 5344 5679 9230 7368 5548 414 841 4452 8567 7608 9597 1782 1405 6400 6671 5759 7694 6440 650 3486 5198 6158 9374
24 88 5971 9412 975 3915 8110 7411 643 2164 9882 5959 4690 3948 2837 6444 2634 9162 1606 5863 8632 389 9909 8008 8718
25 2465 8029 5369 3105 4020 607 2802 7729 6932 8182 9908 6908 6655 4067 1926 2834 1011 2283 1092 9491 191 4983 1442 8701 7700
25 7957 5213 1030 2399 3058 2077 6512 1436 9516 408 6378 5583 836 6755 2097 195 5703 7491 8723 8836 927 8943 7565 321 2544
24 519 7293 3572 6420 3398 4913 8998 2025 4772 7904 9079 9902 4974 4336 9108 1385 3048 6335 5146 6057 4841 6676 8235 4803
28 4309 696 8203 4246 3783 9610 2771 9570 3746 6268 8843 5039 4055 7389 3470 1235 2567 8812 3198 2027 6388 7 1808 562 3441 5055 1573 9970
26 5970 2603 7428 5090 6498 3057 2434 3290 3531 5824 9482 9810 2959 6513 9978 7848 7897 8886 3889 2746 7597 8275 4570 8371 7459 9796
29 4839 4877 1588 4285 6764 6398 1215 7344 6902 6930 1532 7167 2622 893 2841 3436 2945 8650 8299 4852 7330 5490 605 2574 4774 5460 1301 8622 20
28 5324 9166 1489 1804 2856 1430 2984 883 5062 5133 6772 1720 3300 9331 1187 1632 9122 4765 7908 2820 3309 804 2823 3460 3184 7057 6242 9117
29 606 1447 1251 1904 6454 475 8523 691 7715 5076 7493 215 202 3672 1394 7718 42 3503 2493 5119 1268 6551 9695 269 6421 6019 8648 4779 675
26 423 7455 3024 9830 9795 8368 8259 9265 6237 4944 7221 2846 7998 3924 4073 78 6142 6225 4678 7514 9149 1807 7979 9567 1726 8433
26 1776 4546 6200 4115 2927 1294 9561 4355 2206 8901 7341 4357 3449 5104 7735 3660 4936 7910 8570 7854 3015 3983 2277 8959 5179 7252
26 187 3918 1421 6000 8955 1232 8378 9151 6907 3757 6857 6406 4590 9955 3404 8729 2687 1696 1707 8885 8269 1849 9465 5652 590 4662
24 6663 5227 6786 7666 6984 8445 2385 5400 5514 8237 8963 2309 6820 283 1538 968 9009 9957 5823 1520 4108 3063 9999 6
27 1066 2324 6168 2783 2442 8112 3949 2505 8631 6677 6680 9583 2129 8359 9060 8286 6626 2258 9488 5871 5869 6702 3971 5596 6973 8424 638
24 5335 9733 8277 533 3453 7665 3904 4828 5998 2104 9361 2444 686 4915 6478 888 7470 7767 8046 9689 7596 4530 6384 5501
29 8175 9820 1530 5285 7323 3537 6313 5045 7604 121 6379 5725 5670 6920 5976 2062 4715 9755 6309 3806 3810 7850 2976 4795 7163 8311 2200 5547 8618
24 1560 3575 245 9640 2245 2999 9546 4503 9440 7564 6056 4539 5042 6167 4232 7583 5589 8875 6499 1129 1288 5150 4962 1359
20 4758 7612 7792 168 3966 6023 6251 6172 3466 7857 8551 1308 800 4173 9372 5190 4972 8139 5159 437
32 3817 3333 6304 1830 8989 7092 2613 990 9222 8505 387 6722 8688 2729 171 3399 1743 9086 1924 449 7201 4612 5438 468 5056 4860 1788 7905 2843 432 1254 8414
25 3580 2079 5214 9705 7382 6182 7477 5426 6178 2141 8193 695 5171 3982 1719 3704 687 619 6355 2127 2985 9294 5977 9700 6467
26 1273 1609 4910 4207 7190 9202 8806 1644 5835 5700 6898 1448 2851 5739 9017 7294 6660 9204 8744 5570 8389 9063 2196 9507 4157 1948
27 7499 6662 3461 9633 3114 9037 9381 3155 8864 2402 1071 5061 8725 4440 1854 2911 4513 7247 5414 9098 4545 1086 5269 9332 6685 2100 7146
28 1867 2738 7768 4404 8795 7479 6716 9612 7080 2835 4378 678 3593 9780 1827 1715 9605 3344 5542 1329 8032 3179 8205 9210 8130 5446 5731 136
30 7965 3245 3601 1260 4656 1324 4958 6971 6188 9553 2548 6619 2218 9292 6970 8961 7531 5778 3682 4351 2222 8466 781 132 6592 6673 2637 2593 962 6111
28 6822 9649 1869 9104 4938 66 5238 2702 7366 7967 4263 8692 6692 5925 4631 331 9235 2267 5741 3998 4501 3954 721 7251 9336 3718 6151 9227
26 2432 7810 3976 8915 4613 9949 4930 674 6121 1248 5289 9734 6708 3339 1772 5537 5220 855 3237 2380 6256 4275 8611 3571 3229 5174
29 7070 3294 4233 9286 4405 6133 578 5064 8883 7918 4106 5600 970 1649 8068 9435 3582 8476 4738 5671 7033 9875 648 7374 5399 4927 8211 1758 5629
32 3055 4693 4109 439 2639 6652 5050 7595 514 4623 9054 816 4033 5911 2762 2068 9244 4571 6219 1370 4222 9342 9802 9161 5206 7675 1552 5130 6959 6148 2862 3286
29 4742 1883 892 7465 3921 8128 5674 7745 9809 7187 2612 2034 3186 1870 9150 8127 7099 556 8668 4822 7945 7828 2624 869 3944 8724 702 5390 939
30 6002 7186 7117 4863 3542 2781 1968 8272 2107 1541 9221 7566 5122 3141 2960 173 2398 7753 1836 6568 1574 4169 6084 7244 5251 7269 3533 6212 4013 8217
26 8292 5808 3989 5955 5917 8037 9263 659 8820 3722 8935 3406 8360 2256 4210 4945 8660 8358 5028 4422 6535 6291 593 1581 2411 1929
29 672 6654 4635 1843 6739 4139 5366 2790 9837 5632 5519 5909 1322 3920 3873 2688 2030 309 5110 5200 8041 7835 4230 9168 4354 6881 86 1082 8874
32 7475 7140 7585 419 2992 5783 2033 1152 8909 8687 7609 3292 4237 1999 1125 4512 8381 8845 2010 9415 8084 1661 4284 9525 8321 5276 5846 2554 3641 3712 8690 9281
26 8477 1492 7546 3585 5627 6648 2404 9505 4971 9298 2694 5929 7351 5640 4521 1463 5132 2469 5229 7963 7878 5290 3612 9338 1293 5415
25 5235 477 6206 69 7884 161 403 5962 2292 1166 6883 8540 4272 7195 5733 6588 6075 3864 4952 6890 5131 360 4778 1701 3259
27 6277 8149 6004 4826 381 102 5043 7941 397 4353 7222 5041 8764 3714 7125 2084 6561 1432 7623 8483 5752 1149 1234 7035 5972 9878 7533
22 2720 1838 2711 2904 1550 9492 908 8160 8661 1320 4947 8583 3296 7139 6835 6046 6621 9719 1120 9711 2677 5543
27 9409 8489 3865 318 3038 5766 159 4477 9228 8023 3474 612 153 3763 2563 4804 8763 2279 8887 7400 8679 1374 5048 491 5937 3853 8947
25 2920 6794 9556 8816 2333 2900 1346 9963 1391 9911 4209 680 8344 1932 8336 5906 4684 2895 9883 8387 3728 8142 5788 1118 9097
32 4094 3655 457 9702 2482 9165 1862 1101 3646 5070 4924 6821 9407 1767 9155 3359 6996 2936 5035 8443 6632 1730 1205 573 5822 1080 3995 8802 8602 4079 1327 2203
22 3629 8484 5517 4482 5593 2343 3432 1328 9498 8549 3630 8281 5098 858 3658 2066 7059 6614 2133 8519 9334 2208
24 677 6529 9503 5957 6356 8188 5576 949 9817 8598 3277 9894 2494 2555 752 9903 7157 6099 5515 9773 1809 7151 4332 710
32 3607 1784 6875 3739 7882 629 8257 7415 4784 6987 2874 2417 9994 592 3221 3567 500 7855 5333 3706 8600 4253 3350 8604 6287 9390 2103 5659 3863 757 1653 2659
23 9679 4984 9316 6338 35 3493 7811 6491 5356 1752 6140 5268 1814 7743 9175 798 3911 1044 2080 148 5889 6465 9354
31 1097 3249 8548 6718 656 6705 1487 3770 106 1364 2052 8741 6423 5259 4805 9351 8247 4165 8651 6351 1894 3109 5800 1238 7530 6358 3787 8735 1052 3791 8301
31 5497 2589 9320 6360 8219 8034 6078 3439 4491 1531 5301 8534 7394 279 2956 2644 7653 8680 7345 1457 5261 8709 2761 504 7390 204 6496 7722 5342 3238 8430
26 9752 2424 8447 3717 3319 4450 636 8150 9884 2580 2144 5421 9870 6823 5943 7674 3820 4298 8092 3872 4132 6007 1403 9061 7017 6170
21 6670 8024 1995 7737 5107 7682 3532 3974 2397 402 4358 1073 2431 3389 9933 8340 7264 9058 5434 4683 6152
25 1757 6150 9869 6503 671 6643 1511 2045 9288 4159 3075 8334 581 5217 5607 5448 344 5722 5412 8663 6401 488 108 7899 3097
26 5440 9090 6208 2352 1884 9158 9655 2810 542 9438 7749 5692 5389 5587 6858 2017 8842 1388 5506 9535 1556 6214 9585 3741 8552 5697
20 9514 7864 3773 2425 1873 1693 5660 189 5394 1747 2175 7189 2142 4505 4252 571 9885 9443 1427 3887
27 2571 7435 9495 448 6615 9678 6422 1211 7197 2467 5708 8550 4473 889 5482 7521 6572 5022 3217 6050 373 7841 8230 6349 2833 1478 3043
28 6381 5491 7648 6186 3414 7364 1443 3465 5619 2179 3854 2804 7627 5730 3913 453 8584 1711 8828 2201 7304 1971 4577 1483 8341 7476 4897 4281
27 9003 3276 874 4228 3701 4555 8228 2675 9248 3754 8746 21 5379 6542 9470 6846 4619 6813 2499 1333 2727 9502 5459 421 5978 3688 3723
29 3549 9935 7406 2605 4376 4493 3181 7805 8945 1045 4566 2498 9508 9879 6608 2995 27 5007 1434 9616 570 6328 2779 5776 9434 176 316 1614 3975
23 4601 6189 5710 9628 1252 8937 7425 6098 5219 3765 5134 6281 5166 2451 9594 6320 2379 6065 3898 9971 9781 4040 3929
27 7657 2942 9965 6012 2577 9537 8938 2556 897 9328 6683 8460 2715 8997 4902 2789 2093 6707 8170 6988 3733 2529 5395 56 2610 6819 2813
25 8708 1228 1363 1503 4940 8273 1746 7274 2989 6848 3645 5364 9384 4547 8325 3599 8930 192 2801 5365 5461 763 4424 5058 3586
25 5860 19 4455 4720 9164 832 8876 8101 9232 1197 2374 395 9321 386 8049 1857 4276 2785 1358 3801 6935 4122 6616 6914 9569
32 9847 7198 6296 7000 9477 9923 7010 7576 7764 163 1907 7178 4457 5117 9821 9233 6928 8399 5947 6791 6295 7845 6992 8751 323 2131 3417 6968 8043 4296 170 5723
31 2883 1605 5189 4153 1386 7492 4986 5695 560 4195 40 3085 1748 8721 5472 8126 8817 5360 8829 8201 2579 1916 1076 8983 3814 1219 8095 4445 7896 6917 5665
24 5445 3409 4624 5888 6523 7448 5803 462 6727 1831 6064 8544 8470 9185 4369 9816 6600 6520 6606 623 5563 8106 295 5841
27 9976 2233 2511 498 4291 633 9900 147 2315 8481 6234 9113 5292 6940 5068 3195 6174 4166 7240 7775 7279 6477 5011 3522 3838 3514 2627
25 4078 1630 8574 7243 665 6446 5263 6896 3418 5847 3211 9240 754 7220 5651 2308 9509 9501 9808 49 642 4172 1452 1642 4846
24 8310 4873 2523 7196 6762 4907 5380 6363 6522 5274 7076 3397 4789 470 4001 6486 6624 6766 8441 4968 3627 9259 4790 6613
24 6916 6502 3176 7602 9654 6729 3124 4256 1700 2921 4046 4167 83 7757 4135 7417 9312 6306 4576 7038 2588 3020 4390 3749
32 4008 8783 1674 9045 4202 2140 348 2797 2477 7817 15 9968 7148 6240 7626 3045 2632 8165 2873 7155 9201 829 9468 6017 9905 6010 6539 6867 901 1751 8087 8789
31 9888 1414 9274 4875 3972 5135 6570 3315 1004 2023 3561 8826 6963 5411 3137 4368 7260 7797 3244 6337 7449 4234 5509 5151 479 7959 3128 7183 8908 3012 1003
25 6263 7028 7314 8348 7916 6374 3247 7562 5323 6909 3278 7610 4549 4919 201 8844 3074 2991 4022 2491 7863 2786 5057 9736 3883
26 1305 5218 6053 5732 9118 9645 5100 7770 7680 6622 7130 6149 4517 2334 7378 2328 3151 6666 158 9500 7338 1400 1060 2165 2130 1150
25 6815 5615 9602 199 2982 529 494 1458 2547 1198 2601 4667 9358 1905 3234 5000 7578 226 3852 9840 8891 9775 2456 8884 8480
26 3307 8290 8835 3938 3047 6584 6989 546 7014 4406 3846 4486 4964 3392 322 2943 94 7974 5648 4609 7200 548 2193 7563 1456 1019
28 303 3311 9078 9575 9712 4990 1583 5014 4638 3851 2234 2383 561 257 7966 738 4051 1162 1099 3456 2853 755 8061 3035 197 6981 4446 2271
23 4071 1406 9813 7867 9190 6244 4872 3843 4117 1603 819 517 8153 9181 7932 1816 4192 3297 427 9010 9555 4311 7182
26 2316 817 6804 3632 2470 907 3952 458 4689 7806 1470 5026 618 9709 4746 3455 1853 905 8561 6109 2704 4444 6107 4174 690 1652
32 1335 8557 2626 3066 3220 9199 8243 5160 3946 8103 3799 2607 275 6779 1842 8749 2552 1828 6299 8852 7852 7254 4053 1858 6828 3322 16 5817 8333 5854 4553 6479
25 2917 3651 2455 6128 9314 3636 1441 4119 7503 3691 4561 2151 7560 7100 6318 6947 1769 110 7500 426 1754 7989 8948 5758 2770
25 8731 7889 3334 4869 7246 4593 2355 7169 1943 8401 8416 9300 7142 3494 9224 7782 1666 6315 588 4934 9067 756 2847 1962 1300
26 1138 9347 481 119 6392 8530 6026 3958 8652 5861 1820 2191 6830 8813 2354 2752 1765 3206 7593 1242 3302 9013 3792 7524 7356 3528
22 9619 4387 3779 950 4205 3759 2314 508 137 9006 304 7615 8593 6129 5997 1793 1021 8313 2170 8910 4695 9176
28 2061 8425 5006 9586 5503 4749 9742 1459 1431 7262 774 9193 7619 385 4360 1885 5993 5677 6646 1877 8934 7268 4729 1191 5874 4185 4277 7467
31 5086 5727 1697 2440 7193 9262 3326 4398 1309 8533 3782 6389 2931 1516 8141 537 1629 5128 2447 2674 6623 5755 1153 6760 8684 6354 1935 598 2221 1055 2117
30 4058 3758 4980 4003 2464 9242 120 3657 9980 280 7231 8814 3977 714 4809 2396 333 8200 1444 4783 6497 3485 5423 9986 7954 2821 8091 4909 2618 4538
23 4618 6139 2335 7580 511 2981 4532 1203 5559 7077 357 1420 2016 305 6510 3385 5505 7225 7658 9787 2502 7133 2225
26 7929 4706 2147 5620 9182 1762 4384 6331 2565 6838 8326 129 7106 2485 1621 334 7332 1155 1380 2339 4993 1202 3797 4220 9545 3857
23 5300 7156 6756 2537 2686 657 5914 9784 4692 6061 1770 5416 4847 2832 5618 7780 8056 5580 221 7202 3126 3719 6650
27 1315 7287 4575 839 7442 9419 9127 7118 382 2760 9333 1783 278 7505 4712 8294 4771 4954 9904 6530 1890 2734 4780 602 5431 2300 3755
30 9707 3236 6164 3875 5240 895 8642 8761 3930 9741 9838 7004 5880 8988 6773 7331 3013 2676 6254 2427 2369 5612 1366 705 2827 1952 4785 9025 566 5953
23 7429 789 9030 3740 4403 7315 7629 1008 1679 2021 3699 5080 4560 1026 9032 1712 7170 5960 4753 5536 9396 8594 2848
27 7861 1637 6741 655 8653 6101 6213 4724 3909 987 9000 6451 5417 6862 3796 9363 363 9295 8461 6852 3034 6796 5095 3957 73 5508 3619
28 4059 9405 7224 1994 5668 1910 6380 3785 9388 1716 1568 2670 2504 467 6859 5175 2405 904 5109 1708 630 9922 9931 4896 4434 9960 6441 9916
26 5192 6135 6669 1500 8155 1352 8737 8617 4105 3227 938 490 5785 4997 6264 2186 8972 8936 4023 3023 6411 5831 937 9714 794 8527
27 5299 3540 5996 5699 6340 5724 5951 2395 8214 9823 8186 1946 151 5154 4824 1740 5655 8927 2038 2387 4342 4991 289 5833 1481 2926 2897
29 6783 1384 7927 7870 9042 8671 6698 2260 2035 5001 5630 3592 9998 5908 50 5966 8697 8234 5807 6227 5231 1122 162 3932 3171 7509 7756 5604 2964
25 7401 5387 4833 1518 8681 6261 1745 1942 6746 8159 9167 7483 1229 6226 5327 1089 7495 7827 466 3744 5749 3040 3273 6840 1247
29 4855 8630 4200 8410 2635 3370 4171 4966 4356 2360 3146 3450 2373 8289 4060 3686 8432 9327 7541 8215 2050 7181 6599 7283 4671 7297 5361 2322 464
27 7463 6485 5466 8434 2934 2409 2585 9604 9962 9822 4068 8767 2478 1286 4333 1919 1126 7519 4837 8919 2521 1425 7409 7311 7824 8163 4103
23 3167 1773 9806 6413 4101 3232 5994 599 8815 9043 9424 5810 9092 8067 5288 2226 2860 8676 6976 4580 1180 2032 1569
27 273 7687 9666 5120 7380 2696 7171 1937 5021 8125 6641 8450 5262 366 5986 7944 4100 2918 1764 784 2643 1158 4315 5623 1544 3591 9517
23 3444 1170 6455 284 4396 986 1537 388 2272 4685 338 1590 8841 1525 1136 5524 4946 7095 9519 8893 9307 9004 4091
29 769 567 4112 135 4782 9135 300 369 6161 1393 1800 2332 1042 6714 3150 3152 9688 7571 7890 2071 9178 7821 9540 9203 2211 6993 9241 9577 6288
33 9305 190 4935 4686 3615 8298 7933 8062 8644 1051 7490 9671 2947 7798 7939 9218 1375 7893 2708 1616 2953 5775 5609 8166 7469 9676 3357 966 3520 9120 9614 2410 4243
29 9563 6884 565 3680 3778 5298 833 8148 9592 9330 5694 4620 5216 1116 1941 5611 5789 4708 1103 5546 1161 8626 3978 5836 9596 9850 6433 4350 6127
31 2247 5237 720 5711 1474 9539 459 1302 2515 3710 9420 8027 7755 5999 4219 1988 2955 72 8873 534 7072 198 4218 4306 5236 8364 899 5811 2289 325 3458
23 4377 8932 513 9696 8856 2997 9134 2320 876 3751 3625 2358 6396 8362 2757 547 5346 631 2251 5138 8168 4140 722
27 6412 7329 2780 977 9832 4713 178 2558 1117 8603 5462 4654 6713 7650 5625 9460 3538 6704 9211 7027 3884 3192 3143 3388 1093 805 3617
24 2135 9406 9267 854 5069 1565 3623 1660 865 4426 1819 7819 9533 8199 2894 4603 7199 7473 2562 4294 3303 8923 4823 5857
31 713 8262 4255 172 3433 7387 7829 716 544 4642 2882 1624 1850 3489 9877 7800 9188 6532 5118 1270 7892 4923 9206 452 4226 2458 4288 7083 635 1677 7375
28 2949 1438 4194 4225 846 9538 292 2817 7643 4884 7726 484 4608 9366 8129 6734 2685 3598 3361 3956 3577 8349 1280 2886 5806 4752 5474 6060
26 700 5858 5377 2731 1587 8804 9234 74 4857 2082 1591 1236 7999 2433 1611 2617 227 9892 625 7022 5196 6343 4180 31 2007 142
26 8703 7993 8832 4107 922 7245 775 4227 9566 2568 2057 5486 6602 8969 9862 6736 9855 9308 3183 9051 5787 944 2962 3042 424 8147
27 117 4583 3910 6475 6173 952 396 4247 5221 9659 5353 2341 4569 9651 1289 2971 5980 3431 4676 7955 5096 6032 8282 5591 1147 9937 9673
25 3442 109 5089 9105 1797 1902 3970 7693 6333 8072 4843 2501 7510 2721 3777 6117 8734 1766 3407 2372 1495 6482 9123 9558 9766
27 6695 2166 3510 8614 4544 1349 9177 8585 5941 9474 9593 6262 7046 6027 8252 2420 2295 6126 5987 651 4367 9339 5667 436 7831 4479 1705
19 1543 3257 1970 7787 376 6893 9836 8373 6904 6038 1382 9828 220 1615 3890 4998 5051 13 6665
30 6831 1372 608 4830 2741 9276 2362 4552 9496 5099 1389 7065 928 7708 4694 8833 4801 3076 3365 574 3125 4596 2188 1334 5467 3945 2321 4418 1522 7601
27 6901 2536 3368 1628 7922 4021 3345 1521 3895 6674 2037 2765 2756 6308 8283 5195 116 9269 4448 6095 5149 4229 3158 2970 5147 1823 8710
30 3156 8458 8462 3411 3594 4764 9684 4130 6476 2906 7592 2557 3610 7823 3902 2231 5320 6286 6906 2162 2863 87 8208 1517 8455 7427 6317 4005 8808 6063
28 8518 3005 5890 9382 5756 4007 9842 6956 4888 8851 8857 4840 6833 5529 3747 3395 1145 4817 7728 3769 9932 2889 4859 2865 2298 5368 9831 1378
25 5769 658 8892 5816 6526 5124 7778 4114 2089 5385 9571 9237 1566 5168 8914 340 6028 4760 3683 555 6788 3652 5647 3500 5682
28 9393 7114 4196 1997 1685 5241 9975 715 5074 5256 3570 7587 8775 3340 4992 5793 359 1373 63 8117 9598 2195 8276 265 1585 8538 7235 1343
27 7040 9402 442 4558 7174 8353 374 9641 1790 7659 6290 7547 2808 1741 3748 5183 9653 8318 2489 5 351 1795 5499 4203 9277 1290 9990
26 3855 7020 7975 7572 830 2799 4595 2954 4244 3498 3231 936 194 2148 7646 5645 2980 8522 8900 2650 140 2310 1014 5760 2864 5944
28 1515 1860 3403 9353 8831 5287 553 4236 1960 2 3039 1424 2990 5956 6204 7313 5805 2587 288 160 988 7544 7669 4977 8482 1892 8098 5173
20 3371 1024 4507 849 4485 3205 3624 7267 1123 518 3689 6382 7725 7688 7050 9493 2679 3858 8453 2658
27 1992 4885 9012 8521 4250 9681 2919 2706 8058 2246 5317 1519 5577 9510 7388 7272 5468 3927 5828 3056 9568 4408 1731 5209 926 3185 2724
30 9325 7398 2642 3554 8042 6814 2745 6082 9408 4834 3157 7407 6157 3959 1714 1597 6776 7588 4572 7838 6215 6100 8409 1484 5974 8942 259 1636 1341 5471
30 9675 9463 6255 4410 378 7096 6279 4031 7794 1476 6866 1876 7237 8169 3907 2611 5575 6224 7258 4425 787 4215 2194 7348 7705 8636 5896 758 5280 7093
31 6198 6849 4421 9680 9179 6399 2453 1429 9370 1179 9724 4266 8428 8268 8974 6415 3351 1266 3973 139 3376 1811 2158 7175 5797 4466 860 7836 579 8770 224
25 7928 7891 9144 3445 9497 7558 4989 3044 6775 776 1468 7582 7292 1604 8016 7071 9016 4271 1798 7324 2629 7307 762 447 1887
27 6807 3596 9627 989 5012 3366 7276 4300 7679 2977 7288 3011 4000 2678 207 3153 3726 8474 236 5544 4363 7611 7801 2073 1951 3724 7795
28 4435 9137 3129 5686 6703 8854 4607 5279 2809 3811 4014 2737 6625 2850 6612 7265 9293 591 2471 9991 5842 5531 9427 5065 2569 329 1210 6997
31 8640 4208 697 4920 267 5267 1369 9101 3258 1896 1504 4104 6059 9783 6728 6436 6459 7098 9111 8280 1596 2403 4341 9356 2826 2743 5177 4269 1354 8156 8113
22 3869 8302 2401 956 3885 330 2852 6359 1297 5709 2359 4898 1053 1265 9275 5595 5010 1540 1285 6207 3848 5859
27 4307 1323 9469 1233 9345 5228 9564 5405 9478 6104 2614 37 1154 7192 4874 7354 6709 1678 1083 8733 5588 7478 6005 4697 2224 6258 4133
22 3253 1013 1959 164 1079 921 2291 9639 9229 613 693 6759 8907 7526 2249 5432 3275 480 1607 3106 0 9915
27 375 9985 2881 8995 1263 9948 3373 711 2648 7501 2740 3241 5249 8993 1953 5396 813 5152 9603 4707 7752 5410 1231 4510 7946 5312 8019
23 8329 5743 5636 8133 152 5584 1631 7633 8028 9160 9205 3962 5849 8060 7786 6938 4030 4614 4216 2120 3252 7568 1088
25 474 1651 7637 7226 354 8151 8860 1257 5770 5878 8366 6743 2400 2596 6387 1654 9943 6259 5762 5617 9290 5942 5443 5900 3969
28 5868 7210 5541 9634 753 5409 1415 2842 9441 9015 5188 5016 3256 4025 2646 5165 3730 9041 4548 5127 6964 9690 6177 7350 3734 8265 5939 8556
24 1040 4537 3603 6903 6638 127 5193 5550 9268 6642 4625 5992 5561 7149 9565 1554 1274 3713 6653 911 1619 4901 9650 6603
25 222 8736 277 2518 7686 9761 9481 7837 2054 6562 7164 6861 495 3980 6077 6636 71 3581 5142 1426 3041 4383 5973 5592 1009
30 1005 9052 5540 6842 7152 9364 5702 118 8987 6864 7266 866 5139 6205 7853 3707 6130 5186 2532 5483 5144 4436 7290 1467 7008 12 4531 9196 4606 4268
24 3555 7320 8224 640 8194 4664 3675 3731 6223 8911 1539 7788 8601 5681 8656 6509 654 1244 8658 6448 9642 4723 1633 8122
25 5693 2123 6003 6563 415 8990 2095 352 6103 4282 3308 2636 3145 9848 917 3823 2699 2872 7431 9417 1893 4996 4522 298 4145
28 5424 3579 200 3544 2570 2178 3364 9075 8827 7924 779 4718 9247 6974 4460 7741 6124 8172 3094 6841 5726 182 8454 8255 371 8503 3335 7393
29 84 3990 7631 6058 3807 3477 380 4045 377 2264 6839 5092 9880 6829 5852 7063 2500 6385 2149 9261 2514 4095 8712 393 9088 3637 4273 6080 998
28 9140 699 9845 8093 4806 8504 46 4696 5310 7271 8026 9790 3753 9136 8009 155 2003 7851 7670 3427 5560 3922 7039 7489 4149 1898 4490 9906
27 4894 739 965 601 8575 5036 7278 81 1799 6345 4456 8007 9534 242 7886 5420 8250 4740 941 2582 5084 4375 5489 6955 431 3347 5244
23 920 3148 9282 2216 4704 7263 1768 7498 7793 1396 122 6816 9774 3161 3187 2987 7054 8497 7343 8647 6664 2609 9380
29 6706 8158 7248 7690 4585 617 4063 4617 3429 52 1392 5163 624 2546 6897 8015 5590 9119 6395 5707 8066 5354 7158 3162 9296 2908 5485 1001 8543
26 9799 3197 4164 3050 4297 8609 1189 7697 9950 7508 4564 6253 1771 3115 282 7021 4464 9835 748 8922 4500 8762 3681 8279 2152 4320
27 7956 7230 730 9562 3270 7663 7746 6737 7316 9324 4340 6982 1275 293 2414 149 2739 5530 1704 1673 8568 9772 9668 5753 1602 5988 9329
19 2559 3826 2681 3833 1106 85 5701 6832 6925 384 4144 1183 7371 1856 8356 932 8982 8606 3021
26 5717 2788 8784 8868 6825 9392 9632 2393 959 1255 6810 1834 1753 510 5747 7656 9258 6049 8240 2879 469 2252 4540 5436 406 6221
24 2695 627 4848 9769 2825 7019 1110 2948 8312 4832 6678 694 2197 7661 2590 2672 1648 8633 345 2822 4563 4886 1983 1805
31 961 3640 3354 290 6119 2119 9964 7873 2972 9208 4628 5073 953 3573 4487 689 4044 4770 5877 7328 5270 80 8565 3248 4463 1133 58 1195 8352 5714 1510
27 372 4781 8328 9485 4137 1845 8555 1864 286 2048 9038 3454 744 8270 701 6629 441 4963 8558 9551 7644 3189 4668 1663 5047 8374 5225
25 7952 8586 41 6021 982 141 4441 1338 6885 7987 5176 4747 276 5520 6543 7333 8287 8537 8002 2347 9147 4054 234 2922 7986
25 24 7180 6410 9804 1281 2979 3867 4853 3210 6085 8545 4217 806 958 3650 3788 9588 4183 7055 9309 8222 7617 6096 8278 5334
29 4090 726 9805 6430 2207 9647 2966 777 1774 255 575 6083 1050 6948 5106 1996 520 8966 3649 5873 1157 9794 3504 900 2029 3172 6266 1207 2586
26 9084 9996 8040 9625 9180 3513 5603 523 7078 2534 6375 924 6366 7024 9630 2311 3336 6525 3888 7545 5916 2481 3265 2961 3535 616
28 2869 4260 3092 9549 9819 6270 3451 294 7516 1461 8646 7750 1031 1034 4881 3438 5401 5492 5772 4581 2705 4534 307 8707 6445 9749 2814 8319
22 8962 8209 3317 2305 1102 7535 1595 4677 1433 3752 4979 8258 1485 261 4254 8052 44 9587 6394 9197 7600 2134
31 2356 2641 206 1986 3026 6927 3775 930 175 4397 8659 8926 7647 7645 4906 2768 2004 4026 3670 1401 5938 3678 6166 7242 1379 5845 2287 1148 7953 391 5571
25 4637 6658 3947 7554 7710 7203 9846 8263 1299 8830 9541 7285 703 9730 3736 2454 8365 5178 5895 6546 2185 5923 4018 59 3737
25 4150 5875 1010 6645 8529 3524 5526 193 7474 7045 5386 10 2710 4810 5518 628 9995 3876 8999 2594 2210 4731 8541 3656 8847
22 6115 1113 7372 3199 2600 6216 6639 3669 799 9219 2452 1702 7552 733 731 7605 9674 9807 3725 3272 9451 5821
27 3988 9920 6473 1684 7840 5169 4433 355 2713 9778 2437 7507 7217 6552 8689 6697 3917 4961 2342 3091 7369 111 5964 5204 7112 7881 9638
23 5885 2538 5554 3602 8940 8379 4798 886 1016 5864 4136 9697 3360 6303 9310 8392 6427 6725 8380 4305 828 2408 2055
22 4379 7553 5887 4028 7785 1250 9156 2220 4939 3077 894 8745 7543 972 478 1243 7844 6720 3175 1665 5404 8490
31 7399 7704 8902 8766 8768 531 2160 8970 967 6751 1012 724 8140 6578 964 3353 5687 9895 2331 8012 4462 3423 6183 7261 6598 2914 6998 5388 679 5318 7161
26 541 6329 530 8536 6141 4862 2667 4879 1220 9701 8620 9479 5958 9706 4429 8107 5851 6145 7511 1085 9956 1641 2113 1115 398 6185
26 7561 5359 8346 417 4245 4880 156 6659 5608 8017 918 2109 1656 9403 3955 3059 8643 5085 9174 79 6300 2145 3931 6294 9635 4987
26 4143 6123 1142 2896 5751 5170 1475 9031 4019 1810 7414 543 7529 8621 9727 1291 4621 1446 1906 6790 5038 9615 3318 8949 7228 3620
27 568 2026 8338 4050 506 4854 6013 2867 3505 9141 1264 5801 4075 6043 7556 7160 9323 3525 346 5781 1506 4610 6950 4310 6569 1230 4338
26 4494 8848 5017 1601 9527 6871 6407 3609 8510 9644 4128 1130 7177 7497 1058 503 673 2849 8267 522 7744 5839 2361 9936 2172 6439
34 8950 9685 1955 9757 2651 552 5838 3261 1872 6582 5768 3356 1075 7286 5981 3808 3568 7032 7925 9825 3383 3642 5403 1404 8639 8818 6468 4797 3950 6390 6979 6093 3093 6350
23 6228 6457 7638 6220 7034 6480 8485 7234 3997 929 7689 2935 8917 8284 8335 3481 9053 6037 2487 6015 831 5666 7404
30 622 864 9487 3616 9065 3102 6587 4278 6067 3584 8904 7259 9643 6540 17 9431 335 4524 7921 3804 5275 8794 3037 2503 5685 6070 4861 7748 3928 7766
26 1833 7471 4794 9297 9557 4659 7041 1081 8984 7532 5031 3127 6605 6165 7403 8115 7419 8776 3523 7056 1390 5141 8838 8396 8057 7049
24 6541 400 7086 3666 2952 6272 6784 7761 4871 4937 6548 3235 4710 154 1351 8076 1925 416 7589 3324 1680 6943 1699 7527
24 6961 8459 825 1272 2937 8597 2240 524 9322 6353 3139 4092 9739 4674 4960 9959 2545 2428 8393 9854 9373 2703 438 2463
24 29 9452 6765 856 6024 8412 5260 8229 5635 3776 4988 1786 877 2012 253 4152 6949 8256 4504 5331 6153 3113 6978 8581
27 1664 4414 6307 3816 9871 2323 4541 709 5899 8014 3425 65 2137 2154 7707 9153 8469 5905 1975 6508 6889 5044 5148 2492 9311 8178 6870
31 55 7129 8573 951 4953 2930 2377 1620 4800 1069 2248 7525 8960 8705 6171 1781 7871 7012 2085 8757 2932 8315 1950 7826 2223 3100 2098 7814 4295 4286 8054
29 9523 8020 3188 7567 9620 8615 3098 9133 9912 30 2958 8918 4669 6452 3473 4454 4565 8526 9350 2868 603 3558 1144 1645 8152 8089 9818 6257 4120
26 9216 1593 5771 6567 7253 6132 6593 6248 8097 6462 2994 6679 2365 1262 3960 6837 3668 3834 5843 6732 9069 5121 1868 3310 807 7937
25 9283 8055 3821 9947 8791 8421 5866 1738 9928 6657 4866 9074 6114 4087 7790 3508 7930 6531 6792 2096 7087 7991 3871 792 1931
25 4842 6740 5757 210 8546 3905 8627 7132 4198 4982 28 8528 771 2047 3953 4182 915 6487 9703 4918 6088 7219 8980 6750 2597
37 2576 4428 1524 4657 4372 8030 4400 244 9652 1271 1692 6443 8547 4899 2595 1761 1217 875 4076 8241 7517 903 6878 4917 848 2824 3800 9580 9005 8634 2391 5926 3349 8232 8363 8939 231
27 4346 5948 1121 5777 8747 3818 9159 1455 7984 8638 2065 6571 6684 4489 7007 1682 1119 5103 6586 418 2262 314 7977 1570 4 1226 9326
31 1888 6110 2198 3795 1491 7211 7548 3482 8981 6460 2040 2229 3772 4121 5350 4082 7003 8248 3695 4480 5613 4283 5927 2490 7481 5224 2157 4649 9938 6458 4186
26 734 2436 9631 5892 5662 1331 3393 4895 6041 4453 5658 684 6249 2350 4849 3132 5912 5328 413 1507 5928 5252 8174 5316 9214 9776
32 3149 2714 2566 4705 7232 7901 6805 3622 8956 509 4224 8099 2631 8491 1450 2996 6332 186 4389 3553 4155 6918 9115 2002 5784 6731 3280 8683 8717 3644 1204 8535
24 7119 8323 3263 3191 2180 2831 64 8694 584 852 3222 1690 600 1763 3996 925 1881 6074 2878 349 1408 383 980 9131
29 4214 6924 2690 7277 3993 8190 2173 1282 1871 4768 8755 2213 4259 8442 1469 3935 7976 2239 2459 9973 2692 4574 324 2764 662 7906 6492 6507 626
30 157 5358 2118 5712 2663 8403 2076 2275 3798 9992 7894 3761 5305 7502 6047 8748 8750 3841 7397 6590 8495 8045 2416 2744 2266 2689 5812 3014 5476 3994
23 2986 7116 5295 4658 6809 1256 7066 3305 4211 6769 8431 3101 4359 6325 4722 3943 3301 7218 8716 6035 7391 7042 6919
25 297 3138 3512 5234 9138 1725 4206 7370 1104 5901 6036 2375 6926 3121 4190 1976 2522 5696 3448 3312 9921 8080 8463 5029 9472
25 1978 1734 3830 4666 1046 8595 8018 2043 1096 2769 1383 8616 2268 53 1889 8390 9437 1732 1007 5283 7859 6631 1966 2773 6342
27 3103 6199 3396 2338 92 7856 4331 8506 7727 1199 3606 6488 8933 5052 3912 6469 1499 2615 6072 4151 3033 4416 6594 8607 7001 7714 5370
27 5341 3208 2074 6293 9897 6156 9849 6921 5143 9779 3979 8779 8738 7327 4870 3004 4373 743 1032 9285 8625 9887 6933 1938 2697 6348 9304
24 2912 7512 248 7085 2041 1496 5913 9284 3694 6953 3416 887 4626 4745 5463 5963 653 5266 2392 9893 4465 301 7335 8870
26 3281 8376 2539 2167 6402 1453 8782 3394 890 7120 9368 9421 8903 6137 9704 3483 1164 2965 5832 4419 4303 9648 9369 3860 8941 6260
28 5716 9852 9011 9512 6580 252 5009 9729 4802 4002 5023 2861 3856 4903 256 9170 8513 2701 9367 983 8050 9343 4726 885 7051 1473 9829 5672
26 957 8699 3991 497 2551 5579 8800 3499 1466 7381 3293 4698 9337 5522 185 7667 7396 6516 7776 123 1760 6417 443 8372 6419 4725
20 6724 5393 8207 3840 4652 7239 8244 3534 7781 9456 723 8162 8977 4757 4922 2301 6302 7214 6322 7733
30 445 6747 2495 1792 4035 9737 8667 9789 4085 6203 4279 26 3130 5019 6628 7360 5215 9279 1571 2647 7739 7423 5826 8925 8488 3378 4905 8137 6748 9536
28 3693 1689 7574 782 3112 225 5082 2075 516 8494 4394 2078 594 7250 9969 6091 2733 8305 2575 8457 6022 5549 1878 2683 1576 8327 5449 2691
29 2020 9128 5748 57 611 5690 4792 4270 2875 4062 5372 4550 501 2438 683 515 9767 1493 9946 6667 4118 7023 2795 9518 4808 5581 3264 5265 3643
27 8395 2899 3541 3605 7685 6647 1480 8645 9611 9859 947 3550 8400 9026 5157 6777 8039 217 8531 5363 5820 7053 1367 6112 2138 3218 4241
28 2008 6877 9944 8823 8772 100 9981 2673 2884 2415 550 5247 5180 4290 7402 3832 1945 9055 5321 8124 9521 4061 913 107 1127 1865 4911 976
28 8406 5113 9255 8464 313 2187 6283 3896 4249 3556 9983 1967 1921 5565 6798 3628 5271 1974 8498 3878 8905 6371 3803 2488 6545 2747 4339 994
24 5598 2006 1054 5347 3879 9068 7988 2122 8063 9376 3487 985 8778 2336 5456 9096 8322 4492 3703 401 3224 5294 6271 2273
29 3030 3029 326 5477 6966 7777 7555 2192 5329 3295 3597 6581 8931 4097 7598 6180 6812 3214 681 8781 6899 9814 2046 3727 3934 3780 8429 3690 8131
27 3471 3196 1564 98 2060 3215 6946 4113 8928 9694 3285 3992 9919 809 6565 6431 3908 3881 5893 367 3452 2925 299 3327 9146 795 7173
25 7141 6493 493 1723 6357 6967 4744 6850 2370 5172 1668 361 8304 347 4719 2317 7439 4427 8577 9756 8849 4611 2329 8001 8350
23 8102 9087 6536 3036 2105 6719 3434 6197 4496 4212 2854 9212 274 9423 6860 1821 6108 955 2730 637 2280 2019 3985
30 8840 7104 8198 9254 5351 5428 646 2665 7216 8542 3507 3877 8576 8673 213 6490 7982 7299 4370 9531 3306 9414 4193 9391 3835 2968 9747 1488 1137 7036
28 585 2838 1177 1201 6985 4709 2290 7931 1598 2479 5278 6292 5704 8524 2024 1727 1824 6675 9572 2549 7978 3771 5521 7052 8888 3781 5376 4891
24 268 5112 9543 5182 8682 3082 7816 843 4293 8662 576 4985 2284 6738 2215 8417 6637 2792 5634 7074 6311 5825 796 3478
22 4495 2512 3017 3842 7994 1553 9272 454 793 6880 6682 5140 4730 7703 3822 6768 2625 7079 6991 5653 7131 1547
24 1353 2357 3068 2056 8236 6009 5382 7334 249 6505 8004 9548 577 2542 7970 1360 9529 407 6193 5024 5003 7702 3284 3664
26 5406 6558 150 4973 1365 1182 8220 8953 808 1464 5442 1337 9939 5258 2682 3916 5796 9315 7815 8913 8479 2604 1479 5661 9753 2983
22 8342 2106 5025 5212 5511 9457 3117 7150 6319 6495 3142 6560 5639 8206 3226 5773 4231 7950 3987 6533 910 3402
20 7640 4511 1276 1777 6886 4344 2072 2407 3271 9754 6102 4461 5383 5840 3548 2812 8452 9782 5408 3386
29 1528 4959 6192 95 2916 5433 2394 1523 7301 7569 1979 4821 6726 4688 5464 3212 8532 8810 1533 3355 727 3941 9942 664 3676 4197 8138 4049 8740
25 583 1984 8786 6550 5187 3190 9394 7466 9238 3031 4043 9547 1165 1965 2274 9386 5111 6554 6972 2725 2460 3002 2353 6365 1722
25 2941 6735 1655 1863 7759 2126 254 6416 2468 7620 5314 9110 5313 3331 996 7706 7868 9399 7695 6781 6489 2067 5705 9764 7410
24 8204 5060 9385 8079 6601 5853 1494 8996 3750 1980 2390 434 4912 4970 2719 5552 7723 7875 2619 1623 51 9048 6514 4432
28 3025 8021 5507 2036 4914 6280 5374 8809 9687 7091 8516 8811 4323 6863 1057 6376 8354 1775 5418 5378 4287 8515 4129 6136 5248 4820 7758 8957
22 1735 4437 5425 6316 4409 2473 7762 9264 8051 320 2844 1964 7917 5427 7887 2890 995 5669 9552 6073 6721 7223
31 5304 3951 2657 4703 1963 6305 9429 4326 3203 7907 9077 3862 1292 7949 5306 4365 4562 1818 9843 2988 114 124 8065 5454 8894 6701 5322 8238 749 7011 9677
28 741 8435 3786 8285 4141 942 2044 4756 8686 8798 3007 3070 6824 1041 859 8855 3844 2728 1321 8853 6690 1070 5075 1600 1214 4735 6405 2664
26 5381 842 4630 8146 9464 9576 2011 3133 8296 7488 5527 670 1840 3447 946 3387 3081 8846 6432 4600 4542 2671 2905 302 4844 3380
24 9979 5034 1218 7172 3051 8785 9357 7037 538 412 238 4316 9967 4890 7273 3595 2091 5392 7973 4763 8251 7303 3665 6191
23 8559 902 4761 9524 2059 3784 9833 8780 880 2923 4265 5675 5419 4280 9471 5223 7257 4928 2974 4134 1586 5230 9573
24 3743 1090 502 4629 5437 3790 2241 4499 7935 1029 9941 1513 6620 3342 7720 1936 336 2775 3653 1683 9454 7123 3069 6453
26 9581 9974 8440 1508 3663 6336 9731 5995 1561 2933 4845 6617 2443 6314 4362 7295 143 5924 5814 5242 6368 9486 9383 4392 9918 465
27 1269 6159 6711 6749 6438 3732 595 9070 6094 3986 3428 6712 7326 6733 6339 3484 4925 589 1927 8114 1940 1128 7751 9589 2238 6016 7441
28 8520 3329 9890 7337 645 6589 461 1643 7361 5534 4221 4777 3999 7538 6604 3511 3391 8473 6184 9365 2638 5153 2136 3488 7154 7289 1718 5538
22 3457 945 8309 6634 8035 2602 5564 4559 134 512 6854 7405 1789 9099 1172 525 4261 4242 6635 6481 263 6494
26 8728 7451 5307 9751 5457 2680 7754 7865 3574 7363 9239 974 1671 3897 7923 2475 5493 33 5407 4813 3698 1295 1312 535 5848 9430
33 4687 5510 5205 780 9018 6537 9062 3228 3874 8760 9934 1911 7440 9302 4535 2793 8525 2371 5194 5488 2069 38 5277 7607 9746 2830 6334 3369 9 1084 797 3255 3589
30 3564 8739 6125 1 3802 9458 3648 4653 2630 2722 740 4312 2189 1796 9091 4597 4322 1167 1548 4381 2344 1928 7539 3287 6209 131 1813 1961 8517 2508
28 580 8449 8351 5566 9511 9171 5628 444 8486 9073 7422 7920 586 4204 4388 7321 6020 2462 3006 647 4116 971 2726 7349 2592 4641 3559 7058
28 6649 9246 8382 6710 5678 6222 5452 9667 6437 2281 319 9001 126 1283 6763 7179 2263 5078 3223 3831 1437 4633 4556 8386 9129 4554 6364 4042
27 61 5572 6265 6352 1667 2776 7043 5844 1589 5907 2513 8064 3323 6556 4578 3674 4850 1535 7590 5918 179 5791 9340 7888 6717 8195 1418
25 4788 166 409 2382 4318 8742 9858 4819 3496 2086 9023 1914 7353 8669 5349 2294 4579 3519 5325 2257 9622 4199 8260 6994 3204
19 5161 3170 5535 935 4615 7730 8245 2439 4942 4430 3154 7839 9389 1780 167 9040 9600 6817 8722
28 6456 3160 332 5156 6196 2304 2652 8164 6757 6218 6134 6808 3213 7462 8539 184 7385 9686 9455 1049 1249 4599 8096 5688 7166 8308 9834 4955
26 8179 7357 4502 4016 5539 9617 2661 97 9089 9584 2909 7384 2345 4660 9112 5002 471 7280 620 7559 5264 8765 8391 9876 7537 1439
29 6952 5990 2782 7934 660 6346 1062 1779 7843 4734 5556 9917 9278 22 6754 8427 7107 2903 5850 6611 891 9898 1617 3415 3745 2993 1350 472 2818
23 7877 8104 1223 6474 5656 8951 7134 7812 1947 9513 2561 4978 8010 8946 4386 785 3662 5940 4447 4691 4976 9461 9770
24 7799 2928 47 7579 8665 1168 7971 6391 7006 3894 11 8074 742 8197 1298 450 3019 4110 4401 1213 7073 3687 4069 1558
24 489 8566 5829 9450 5601 8167 1412 8075 6179 365 8511 8793 5763 6847 5761 2553 868 8880 8756 5162 5435 5551 5616 3298
24 9207 2748 6450 1186 7208 6089 4415 8895 9444 7807 3072 7549 973 7121 1851 2202 9413 5594 7204 5867 3633 7496 7731 8850
28 8420 4648 2973 9951 9064 3435 1509 3839 9028 7207 7830 7624 8136 6146 103 1342 5326 2517 8388 3118 5015 9094 4458 5949 6147 6052 5819 1410
29 8675 6752 3866 4733 6538 1355 9035 826 8560 934 3621 4767 4675 5210 9542 9867 9348 8003 2282 6555 5706 6310 1462 5037 5935 8790 3529 609 5293
27 6424 6851 5920 3906 7692 8116 115 7903 3173 4711 4851 3201 9378 6105 7340 3352 5728 8221 6229 6936 9148 1549 3886 2064 9608 685 1139
29 5245 2230 4807 3583 1733 5837 2924 6163 979 6905 8743 7205 4443 6326 6176 6504 4681 420 6175 2496 3711 6687 5657 3720 1698 7577 8226 6789 8862
28 6160 271 1640 2967 5291 767 5764 5101 4921 5005 3 1296 4567 870 9788 9173 5355 5013 5079 8132 5897 3626 7606 5077 9646 2880 8865 6113
25 1866 5856 1527 8554 2250 5799 8973 1985 6344 138 6868 3635 243 8954 632 6577 5643 764 7736 7484 4308 729 2606 5931 4292
27 3692 7082 6327 4029 3169 4089 4714 3314 862 5040 1861 8976 9554 4950 9708 1124 2389 2750 5745 7625 8053 6872 8834 2094 455 7586 4592
27 1993 4223 6202 5602 1647 4643 1181 9952 6865 5610 912 7791 5191 9716 2364 7820 2254 3805 2155 6278 4812 2946 6844 4402 2457 1306 2840
30 3239 5818 9559 5663 1627 881 649 5465 1934 7900 5804 7009 1435 1982 6289 3419 6506 5115 6500 6797 6194 4627 1279 429 2161 7964 5202 7985 327 4374
24 9901 9595 8157 9289 9273 5087 8500 7392 3328 3174 3269 1551 104 9725 7137 4573 6668 5754 9404 8501 8608 3250 1454 8119
25 7911 5721 5621 7209 9972 2386 4213 6882 5933 7898 4701 7062 8863 1918 8704 7185 5774 3096 7029 9007 9599 6958 1579 8120 8069
26 9411 9544 3426 3566 8191 8695 353 8413 1048 6211 2228 2535 5872 909 2950 7802 6282 6464 1347 6230 5884 6435 2550 3405 392 3313
26 4882 2791 128 7874 7434 7386 5557 7176 272 4264 2859 2205 1314 214 6945 528 9093 745 4956 652 5683 3923 7660 6246 7772 1923
22 5902 7846 2649 4065 2693 2621 3501 8218 1933 5136 5496 2022 7105 4751 5644 8499 2564 8090 9637 3400 759 7111
23 7229 1100 435 5779 1245 7191 379 4074 9022 991 7599 1622 3526 8839 9352 1063 3363 8451 9467 2253 2623 9940 1318
24 4066 8629 4154 1729 4024 7282 7457 5451 3673 4787 6699 5470 2299 5597 6079 8496 3001 9726 5469 1825 1837 2583 2312 4799
23 6965 8979 9744 5650 896 3530 5782 4916 582 1307 1832 8471 3337 7030 1156 1542 4908 2628 2259 6273 2940 1939 8582
24 610 1635 4815 596 1465 9410 1169 9812 1259 5105 3135 5391 7016 6801 7031 1749 4240 1662 5673 1658 3882 1287 5232 7460
25 7318 2784 482 7683 2787 559 1846 3981 9844 9303 1584 4533 9225 473 5729 7418 963 4831 7408 1107 1216 1594 7673 8674 9860
28 2429 3384 4349 507 4639 5116 6243 7872 9800 7594 5523 5532 7454 9447 8347 4102 8512 9699 6071 9715 3268 3604 3766 9184 9387 9811 1261 3618
25 6633 9306 4299 9735 7732 1109 4699 5792 8266 4856 3216 5083 1253 3178 9245 1091 5740 5203 6092 1336 1419 1043 1497 948 4127
25 2278 315 7255 5158 2653 2640 7275 6297 2051 6888 8437 4382 1072 3738 8436 1361 3497 1440 9857 5030 5197 3576 3702 3134 5108
28 2774 8774 7236 9613 9710 9889 8324 4274 3421 7145 2645 6999 5102 1188 3828 7124 6347 2199 4514 6557 1577 6040 5338 9301 3762 70 5458 8331
30 9020 5744 1267 6742 7494 4017 7456 4969 5684 2910 6301 8649 6116 2700 7551 3700 7168 2816 6524 3440 5691 3600 5246 3914 7184 7026 6944 845 6087 7825
20 9291 5487 1221 6856 761 1676 4163 4892 2125 1416 2063 8297 7771 532 8623 7395 2318 2998 6241 9476
24 9626 2426 5516 1460 9100 7068 3469 9299 3282 3967 9163 9863 5032 4876 7997 165 9606 6011 1903 4041 6323 7996 5876 4158
25 9187 9851 428 1755 9375 4371 6962 6566 1368 6730 399 1402 4682 6778 6995 7584 5585 4478 4201 7919 2811 3868 251 1599 5631
26 8509 3424 4673 5719 146 8118 6597 5910 3845 2526 4009 1471 7734 1371 1839 9663 4640 8899 7126 8685 1801 5735 5599 3543 8898 5020
27 4586 5698 7102 1175 5422 708 8300 9896 7822 9143 5664 732 8361 9748 8317 8986 7895 1659 5555 410 4474 7938 667 68 2794 811 2509
24 2327 9691 1313 3565 9738 2171 8038 4651 9758 4518 9083 1989 4262 6267 4900 9124 7485 1362 1728 2114 1987 7649 2243 7472
23 4098 1852 6836 8637 8085 992 7342 2969 4594 7614 3963 4096 639 9658 4468 4191 4148 229 8825 3422 790 2090 3850
25 6694 2422 1200 1580 9116 2217 177 1098 7143 6181 3163 7651 2285 7942 9618 1397 7774 8702 6986 3671 9792 1514 6853 8337 4124
31 219 9768 5282 2261 1557 3194 6066 4776 7915 281 2901 9319 692 4543 9142 4251 3262 1572 5309 7486 851 3144 6869 2763 8964 440 3715 3140 8404 2819 5606
30 1815 8073 615 6771 5495 871 2108 5915 8801 4072 8212 8693 1277 3078 8415 2913 9786 3000 7969 5286 5336 6723 2929 3254 9217 4519 341 2902 7742 4319
29 3008 2143 3462 2497 8796 823 7256 2527 7048 1330 9881 8502 8807 1736 2749 997 3545 1017 5633 9762 404 4488 5185 4994 4769 3180 9494 8612 5646
25 5222 2293 6245 7628 5375 3062 2388 230 4472 9085 90 9798 1901 2876 850 2666 2723 9008 8144 9260 9432 8507 7416 9765 6795
28 8271 7319 3200 4602 241 5088 7309 2121 5481 9157 7842 2978 125 4036 1990 1035 6691 4999 2363 4670 4178 2616 597 9280 188 9499 7002 4177
31 9670 8426 1908 3116 8176 9195 3165 7081 5879 4634 8033 536 133 3847 8591 7570 1065 6803 2560 1224 9591 827 5736 7291 8423 6341 2815 7951 4904 7789 3346
23 2944 4661 3108 5054 5642 1886 5622 2115 8952 8819 4515 1501 6042 3613 6429 940 3515 644 1739 7317 8879 6470 7713
25 6361 5654 3490 7662 39 1944 235 1395 9114 8475 8143 6014 4187 8013 7420 6549 2083 706 746 7300 5311 296 5494 906 3562
25 8564 2742 1240 3420 4645 6274 2525 1193 9106 1612 2042 5786 9490 2506 4632 9665 5255 6055 7450 2182 783 6534 5834 1377 5398
26 113 2520 7373 1222 8367 8094 4858 1710 3476 3547 4582 232 77 9183 8438 9448 4175 5898 9760 2877 1278 7869 7281 4883 8654 1304
25 6913 5049 6029 6425 6076 1721 3859 350 6312 8242 9080 676 4289 4754 3164 931 9253 9953 6428 4161 8398 3274 8082 7436 343
25 6607 661 3073 483 3789 8882 2406 4775 6106 9607 6231 4591 3266 6977 2413 8006 9047 7089 3084 7358 5439 3046 9717 6931 3880
26 3168 4170 8588 9743 5453 853 6062 485 4302 6681 9574 3316 2139 4407 7101 9250 4732 3018 5181 1691 5961 9891 2888 1847 3611 9532
30 2313 328 9874 8991 8173 2368 7103 9623 6915 4086 4343 8383 2829 8906 2204 5984 6086 9050 6990 4943 960 411 6895 954 8877 7818 4393 7138 1472 4047
26 1724 5500 6547 9341 6247 3685 463 857 7866 4248 1688 5767 5167 9661 7591 5430 9582 5319 5936 2070 8411 6051 8897 6585 8185 8921
20 5402 3067 7430 3022 6048 704 2753 9027 4584 1787 7542 4523 262 5315 7067 9841 747 1899 5348 1015
35 6900 5746 7249 7312 32 169 2732 5713 2543 847 2796 2319 8492 8025 112 1357 801 5921 3010 2712 2772 8465 4598 4650 1174 8405 36 4399 4189 9446 6461 3518 2449 5273 8377
26 2507 3849 6409 2754 5952 4328 2898 9226 7654 1875 9722 6983 5484 3379 1567 3437 2150 5199 2381 6640 5946 9601 2806 8083 8375 3569
24 5343 9401 212 1634 4786 1422 5123 1709 9826 2777 7960 7447 2367 4385 8592 1445 526 8036 1490 3942 390 8508 778 1020
28 3667 8713 4080 266 3054 7135 2128 8288 6596 3925 614 7860 3551 1502 3446 7721 815 3242 4755 8677 4721 8769 7676 9145 6693 6576 3679 8154
27 554 3104 6922 8059 7847 91 105 4147 6800 3079 4038 6939 5715 6609 5862 4335 3374 8478 9034 3634 5126 7540 60 3260 1713 6595 9172
26 7088 8978 802 2235 9130 772 821 6367 2907 1428 5004 9213 5233 5558 3756 9958 1717 7995 8202 6934 4380 4702 9266 879 3903 1134
27 8587 7677 9815 4957 3721 2578 4497 6579 8610 9379 9785 7672 5072 8569 6483 5568 3412 735 2101 1703 8655 5750 4179 1077 3836 1909 2441
25 6418 2915 6942 7698 6034 7636 3122 3829 4314 8624 8590 863 6298 9899 6937 5795 9066 7518 8924 1225 7136 6782 7215 3892 247
26 9698 9191 8448 6575 7912 6484 4449 3372 6386 8261 4893 1317 5734 4032 5950 2255 5930 7128 6954 4814 4509 7983 2219 6573 5637 1559
23 8698 2963 4665 5626 1835 9466 1859 2885 1348 1639 5208 3661 405 1882 2269 558 75 4484 9154 2326 9215 3107 737
29 6780 8792 6069 7883 572 4605 3793 4347 8316 1638 8293 6447 1387 7090 9318 6758 7377 9989 3587 5989 3716 3240 5207 1398 7980 1074 5798 9721 3631
26 6767 1625 7876 7668 751 4099 7513 5567 5569 5201 7796 1822 9029 4647 8314 8081 7238 9059 3517 45 2855 3071 1356 3965 8641 2276
25 6044 3891 7446 5303 7438 7808 3901 1930 7712 6235 9139 1310 8881 1163 5614 1056 6651 9745 4131 834 246 8145 9484 3111 1038
29 4056 3459 4867 4088 4587 422 1311 969 2156 8446 7305 4125 5340 9428 999 5367 9422 9961 1806 9713 7487 6195 3348 5429 312 6045 5855 5046 4865
5 4679 3119 9251 2486 8332
6 7109 8254 3381 6154 270 4793
9 719 5352 1208 1706 4181 1064 9993 4951 4156
4 6031 7097 5480 6521
14 6252 984 4352 7153 496 5397 5066 8180 8714 9271 6250 7165 7069 3812
6 1178 1977 4636 9624 4470 9377
14 8890 8345 814 3684 6564 4142 8467 4743 1895 1969 1141 6434 2227 4929
3 8773 7940 1855
8 563 3338 3614 4361 6845 2608 4348 1212
4 2015 211 1817 6285
10 8758 3430 4411 3809 7833 9771 5362 9220 2839 5253
8 9913 5954 5562 7630 3521 7047 4438 4301
6 8878 8274 4836 2288 446 2669
17 7013 9231 8992 6006 1618 5164 287 1675 7084 4926 9200 9522 6661 540 770 6559 3032
8 3696 9109 3291 2088 9243 7696 1812 3367
6 7913 3475 2212 2533 9398 2866
3 6403 1949 3202
9 2384 1411 9966 3516 4412 8468 9669 4057 2376
5 8670 6793 356 1068 9360
5 9449 2031 476 4476 557
5 1105 1111 7464 3330 5059
10 9550 3325 5553 9732 9660 7310 8613 9317 5790 181
10 1135 3767 264 1258 1173 9759 9865 7834 9024 5063
7 3578 7113 5211 23 7359 5296 3120
13 3654 5284 5502 8971 4176 2028 5053 4146 4766 2450 2349 6700 3288
5 768 5991 5475 5447 8994
3 311 3539 6644
5 4948 9459 362 1131 8210
10 7862 9636 9483 1582 8861 2421 1972 4506 4160 144
10 5649 3468 1246 6397 4015 4700 1095 8 6518 5586
9 4829 5815 6515 5272 9014 1958 9560 8123 3825
16 6321 7194 7832 9683 1505 5638 7639 1028 6892 7803 8797 9198 5455 840 3064 2169
9 6039 4965 1756 7879 3016 7094 2584 2871 492
12 8184 9763 8753 9036 8985 9057 2307 8183 9656 4741 2540 1646
3 7468 8394 1956
4 8578 2480 6377 5891
5 9121 5384 4827 9791 7773
8 1563 2132 6426 4070 8572 4324 2698 2845
3 2418 7671 7909
5 4644 2654 5371 101 2951
7 7227 3246 6501 8589 6330 6911 4622
7 2176 3774 7144 8619 3837 6770 4325
7 3321 9021 2800 1526 2707 4589 5067
8 3647 1325 668 7652 7480 9344 9621 3491
11 7716 8231 2858 2378 8295 6941 8216 5676 587 3480 2163
4 2531 666 7534 6544
4 3410 8965 6910 2430
11 5881 3708 7926 736 4442 1094 8732 205 1036 7302 835
6 1879 2736 7813 7719 8044 2049
6 8086 1973 4366 7453 4052 1562
8 8189 5332 2330 3251 3893 4588 5883 2530
8 2828 3358 4773 3506 1829 3243 9590 9515
6 1794 7948 712 4931 430 5125
6 7849 7108 6630 285 8968 4337
9 394 3147 8493 4111 5094 9103 4459 1340 2528
3 6269 8227 7376
14 6843 8711 867 9433 8916 3182 3443 688 8048 6511 7992 1694 2005 1022
7 5027 1194 8803 1399 4811 818 3279
10 7709 7575 1670 54 9257 5894 9793 9977 3984 4750
6 7188 2297 9579 9489 1744 4321
4 1332 9864 8088 8397
8 4475 7346 5250 4330 4235 7635 6802 5071
3 7064 1192 7678
8 8213 6745 208 364 9750 3080 4364 9827
8 6912 5008 5302 7075 3926 4267 7943 7115
5 8787 3608 9072 6238 1087
9 3697 7325 3536 308 3819 8320 5545 4568 7783
7 4536 1874 2209 9987 7147 3028 7641
4 6656 1803 2184 7110
